<?xml version="1.0" encoding="UTF-8"?>
<!-- Generated by org.testng.reporters.JUnitXMLReporter -->
<testsuite ignored="0" hostname="LAPTOP-2LB9IMSM" failures="0" tests="3" name="BankingApp Test" time="31.888" errors="0" timestamp="08 Dec 2021 14:53:37 GMT">
  <testcase classname="com.inetbanking.testCases.TC_LoginTest_001" name="logintest" time="1.339"/>
  <testcase classname="com.inetbanking.testCases.TC_AddCustomerTest_003" name="addNewCustomer" time="9.965"/>
  <testcase classname="com.inetbanking.testCases.TC_DelCustomerTest_4" name="delCustomer" time="7.689"/>
</testsuite> <!-- BankingApp Test -->
