<?xml version="1.0" encoding="UTF-8"?>
<!-- Generated by org.testng.reporters.JUnitXMLReporter -->
<testsuite hostname="LAPTOP-2LB9IMSM" ignored="0" name="BankingApp Test" tests="3" failures="0" timestamp="08 Dec 2021 14:55:03 GMT" time="39.464" errors="0">
  <testcase name="logintest" time="1.446" classname="com.inetbanking.testCases.TC_LoginTest_001"/>
  <testcase name="addNewCustomer" time="10.558" classname="com.inetbanking.testCases.TC_AddCustomerTest_003"/>
  <testcase name="delCustomer" time="8.062" classname="com.inetbanking.testCases.TC_DelCustomerTest_4"/>
</testsuite> <!-- BankingApp Test -->
