<?xml version="1.0" encoding="UTF-8"?>
<testng-results ignored="0" total="3" passed="3" failed="0" skipped="0">
  <reporter-output>
  </reporter-output>
  <suite started-at="2021-12-08T14:53:05Z" name="inetBankingV1" finished-at="2021-12-08T14:53:37Z" duration-ms="31888">
    <groups>
    </groups>
    <test started-at="2021-12-08T14:53:05Z" name="BankingApp Test" finished-at="2021-12-08T14:53:37Z" duration-ms="31888">
      <class name="com.inetbanking.testCases.TC_LoginTest_001">
        <test-method is-config="true" signature="setup(java.lang.String)[pri:0, instance:com.inetbanking.testCases.TC_LoginTest_001@48d61b48]" started-at="2021-12-08T14:53:06Z" name="setup" finished-at="2021-12-08T14:53:11Z" duration-ms="5181" status="PASS">
          <params>
            <param index="0">
              <value>
                <![CDATA[chrome]]>
              </value>
            </param>
          </params>
          <reporter-output>
          </reporter-output>
        </test-method> <!-- setup -->
        <test-method signature="logintest()[pri:0, instance:com.inetbanking.testCases.TC_LoginTest_001@48d61b48]" started-at="2021-12-08T14:53:11Z" name="logintest" finished-at="2021-12-08T14:53:12Z" duration-ms="1339" status="PASS">
          <reporter-output>
          </reporter-output>
        </test-method> <!-- logintest -->
        <test-method is-config="true" signature="teardown()[pri:0, instance:com.inetbanking.testCases.TC_LoginTest_001@48d61b48]" started-at="2021-12-08T14:53:12Z" name="teardown" finished-at="2021-12-08T14:53:12Z" duration-ms="214" status="PASS">
          <reporter-output>
          </reporter-output>
        </test-method> <!-- teardown -->
      </class> <!-- com.inetbanking.testCases.TC_LoginTest_001 -->
      <class name="com.inetbanking.testCases.TC_AddCustomerTest_003">
        <test-method is-config="true" signature="setup(java.lang.String)[pri:0, instance:com.inetbanking.testCases.TC_AddCustomerTest_003@68d279ec]" started-at="2021-12-08T14:53:12Z" name="setup" finished-at="2021-12-08T14:53:15Z" duration-ms="3025" status="PASS">
          <params>
            <param index="0">
              <value>
                <![CDATA[chrome]]>
              </value>
            </param>
          </params>
          <reporter-output>
          </reporter-output>
        </test-method> <!-- setup -->
        <test-method signature="addNewCustomer()[pri:0, instance:com.inetbanking.testCases.TC_AddCustomerTest_003@68d279ec]" started-at="2021-12-08T14:53:15Z" name="addNewCustomer" finished-at="2021-12-08T14:53:25Z" duration-ms="9965" status="PASS">
          <reporter-output>
          </reporter-output>
        </test-method> <!-- addNewCustomer -->
        <test-method is-config="true" signature="teardown()[pri:0, instance:com.inetbanking.testCases.TC_AddCustomerTest_003@68d279ec]" started-at="2021-12-08T14:53:25Z" name="teardown" finished-at="2021-12-08T14:53:26Z" duration-ms="220" status="PASS">
          <reporter-output>
          </reporter-output>
        </test-method> <!-- teardown -->
      </class> <!-- com.inetbanking.testCases.TC_AddCustomerTest_003 -->
      <class name="com.inetbanking.testCases.TC_DelCustomerTest_4">
        <test-method is-config="true" signature="setup(java.lang.String)[pri:0, instance:com.inetbanking.testCases.TC_DelCustomerTest_4@258d79be]" started-at="2021-12-08T14:53:26Z" name="setup" finished-at="2021-12-08T14:53:29Z" duration-ms="3515" status="PASS">
          <params>
            <param index="0">
              <value>
                <![CDATA[chrome]]>
              </value>
            </param>
          </params>
          <reporter-output>
          </reporter-output>
        </test-method> <!-- setup -->
        <test-method signature="delCustomer()[pri:0, instance:com.inetbanking.testCases.TC_DelCustomerTest_4@258d79be]" started-at="2021-12-08T14:53:29Z" name="delCustomer" finished-at="2021-12-08T14:53:37Z" duration-ms="7689" status="PASS">
          <reporter-output>
          </reporter-output>
        </test-method> <!-- delCustomer -->
        <test-method is-config="true" signature="teardown()[pri:0, instance:com.inetbanking.testCases.TC_DelCustomerTest_4@258d79be]" started-at="2021-12-08T14:53:37Z" name="teardown" finished-at="2021-12-08T14:53:37Z" duration-ms="169" status="PASS">
          <reporter-output>
          </reporter-output>
        </test-method> <!-- teardown -->
      </class> <!-- com.inetbanking.testCases.TC_DelCustomerTest_4 -->
    </test> <!-- BankingApp Test -->
  </suite> <!-- inetBankingV1 -->
</testng-results>
